<?xml version="1.0" encoding="UTF-8"?>
<Site BuildName="Linux-g++"
	BuildStamp="20251001-0539-Experimental"
	Name="bjm-halax"
	Generator="ctest-3.28.3"
	CompilerName="/usr/bin/g++"
	CompilerVersion="13.3.0"
	OSName="Linux"
	Hostname="bjm-halax"
	OSRelease="6.14.0-32-generic"
	OSVersion="#32~24.04.1-Ubuntu SMP PREEMPT_DYNAMIC Tue Sep  2 14:21:04 UTC 2"
	OSPlatform="x86_64"
	Is64Bits="1"
	VendorString="GenuineIntel"
	VendorID="Intel Corporation"
	FamilyID="6"
	ModelID="191"
	ProcessorCacheSize="20480"
	NumberOfLogicalCPU="16"
	NumberOfPhysicalCPU="10"
	TotalVirtualMemory="8191"
	TotalPhysicalMemory="31922"
	LogicalProcessorsPerPhysical="1"
	ProcessorClockFrequency="4037.56"
	>
	<Testing>
		<StartDateTime>Oct 01 13:39 CST</StartDateTime>
		<StartTestTime>1759297166</StartTestTime>
		<TestList/>
		<EndDateTime>Oct 01 13:39 CST</EndDateTime>
		<EndTestTime>1759297166</EndTestTime>
		<ElapsedMinutes>0</ElapsedMinutes>
	</Testing>
</Site>
